<?xml version="1.0" encoding="UTF-8"?>
<!-- Generated by org.testng.reporters.JUnitReportReporter -->
<testsuite hostname="DayforceyoZihmk" failures="0" tests="13" name="test2.ReqresAllAPIDocs" time="3.988" errors="0" timestamp="2025-10-17T19:30:22 IST" skipped="0">
  <testcase classname="test2.ReqresAllAPIDocs" name="testGetListUsers" time="1.153"/>
  <testcase classname="test2.ReqresAllAPIDocs" name="testGetSingleUser" time="0.050"/>
  <testcase classname="test2.ReqresAllAPIDocs" name="testGetSingleUserNotFound" time="0.008"/>
  <testcase classname="test2.ReqresAllAPIDocs" name="testGetListResources" time="0.015"/>
  <testcase classname="test2.ReqresAllAPIDocs" name="testPostCreateUser" time="0.036"/>
  <testcase classname="test2.ReqresAllAPIDocs" name="testPutUpdateUser" time="0.030"/>
  <testcase classname="test2.ReqresAllAPIDocs" name="testPatchUpdateUser" time="0.022"/>
  <testcase classname="test2.ReqresAllAPIDocs" name="testDeleteUser" time="0.011"/>
  <testcase classname="test2.ReqresAllAPIDocs" name="testPostRegisterSuccessful" time="0.032"/>
  <testcase classname="test2.ReqresAllAPIDocs" name="testPostRegisterUnsuccessful" time="0.004"/>
  <testcase classname="test2.ReqresAllAPIDocs" name="testPostLoginSuccessful" time="0.014"/>
  <testcase classname="test2.ReqresAllAPIDocs" name="testPostLoginUnsuccessful" time="0.003"/>
  <testcase classname="test2.ReqresAllAPIDocs" name="testGetDelayedResponse" time="2.610"/>
</testsuite> <!-- test2.ReqresAllAPIDocs -->
