<?xml version="1.0" encoding="UTF-8"?>
<!-- Generated by org.testng.reporters.JUnitReportReporter -->
<testsuite hostname="DayforceyoZihmk" failures="0" tests="3" name="dayForceDay2.TestNGExample1" time="0.007" errors="0" timestamp="2025-08-20T15:25:24 IST" skipped="0">
  <testcase classname="dayForceDay2.TestNGExample1" name="Test3" time="0.000"/>
  <testcase classname="dayForceDay2.TestNGExample1" name="Test1" time="0.005"/>
  <testcase classname="dayForceDay2.TestNGExample1" name="Test2" time="0.002"/>
</testsuite> <!-- dayForceDay2.TestNGExample1 -->
