<?xml version="1.0" encoding="UTF-8"?>
<!-- Generated by org.testng.reporters.JUnitReportReporter -->
<testsuite hostname="DayforceyoZihmk" failures="0" tests="1" name="dayForceDay3.UploadingFile" time="10.283" errors="0" timestamp="2025-08-21T12:47:51 IST" skipped="0">
  <testcase classname="dayForceDay3.UploadingFile" name="TestTakeScreenShot" time="10.283"/>
</testsuite> <!-- dayForceDay3.UploadingFile -->
