<?xml version="1.0" encoding="UTF-8"?>
<!-- Generated by org.testng.reporters.JUnitReportReporter -->
<testsuite hostname="DayforceyoZihmk" failures="0" tests="2" name="dayForceDay2.TestNGExample2" time="0.007" errors="0" timestamp="2025-08-20T16:21:00 IST" skipped="0">
  <testcase classname="dayForceDay2.TestNGExample2" name="LoginTestCases" time="0.005"/>
  <testcase classname="dayForceDay2.TestNGExample2" name="LoginTestCases" time="0.002"/>
</testsuite> <!-- dayForceDay2.TestNGExample2 -->
